<?xml version="1.0" encoding="UTF-8"?>
<!-- Generated by org.testng.reporters.JUnitReportReporter -->
<testsuite hostname="LAPTOP-2KAUCAP0" failures="0" tests="1" name="testCases1.AccountLogin" time="1.394" errors="0" timestamp="2025-05-28T12:07:18 IST" skipped="0">
  <testcase classname="testCases1.AccountLogin" name="account_login" time="1.394"/>
</testsuite> <!-- testCases1.AccountLogin -->
