<?xml version="1.0" encoding="UTF-8"?>
<!-- Generated by org.testng.reporters.JUnitReportReporter -->
<testsuite hostname="LAPTOP-2KAUCAP0" failures="0" tests="4" name="testCases1.TC003_LoginDDT" time="4.377" errors="0" timestamp="2025-05-28T11:04:52 IST" skipped="0">
  <testcase classname="testCases1.TC003_LoginDDT" name="verify_loginDDT" time="1.809"/>
  <testcase classname="testCases1.TC003_LoginDDT" name="verify_loginDDT" time="1.313"/>
  <testcase classname="testCases1.TC003_LoginDDT" name="verify_loginDDT" time="0.588"/>
  <testcase classname="testCases1.TC003_LoginDDT" name="verify_loginDDT" time="0.667"/>
</testsuite> <!-- testCases1.TC003_LoginDDT -->
