<?xml version="1.0" encoding="UTF-8"?>
<!-- Generated by org.testng.reporters.JUnitReportReporter -->
<testsuite hostname="LAPTOP-2KAUCAP0" failures="0" tests="1" name="testCases1.AccountRegistrationTest1" time="4.098" errors="0" timestamp="2025-05-28T12:07:18 IST" skipped="0">
  <testcase classname="testCases1.AccountRegistrationTest1" name="verify_account_registration" time="4.098"/>
</testsuite> <!-- testCases1.AccountRegistrationTest1 -->
