<?xml version="1.0" encoding="UTF-8"?>
<!-- Generated by org.testng.reporters.JUnitReportReporter -->
<testsuite hostname="LAPTOP-2KAUCAP0" failures="0" tests="1" name="testCases1.AccountLogin" time="0.880" errors="0" timestamp="2025-05-30T11:43:54 IST" skipped="0">
  <testcase classname="testCases1.AccountLogin" name="account_login" time="0.880"/>
</testsuite> <!-- testCases1.AccountLogin -->
